Building in: D:\Extreme_Clangague_Exam\PrintExam\build\default
make -f ..\..\Makefile
g++.exe -c -O2   -o PrintExam.o D:/Extreme_Clangague_Exam/PrintExam/PrintExam.cpp
In file included from D:/Extreme_Clangague_Exam/PrintExam/PrintExam.cpp:3:
D:/Extreme_Clangague_Exam/PrintExam/print.h:44:41: error: expected unqualified-id before '-' token
   44 |     int (*_cloud)(const int *,  char *);-std=c++11
      |                                         ^
make: *** [..\..\Makefile:25: PrintExam.o] Error 1
Build complete (2 errors, 0 warnings): D:\Extreme_Clangague_Exam\PrintExam\build\default
Building in: D:\Extreme_Clangague_Exam\PrintExam\build\default
make -f ..\..\Makefile
g++.exe -c -O2   -o PrintExam.o D:/Extreme_Clangague_Exam/PrintExam/PrintExam.cpp
g++.exe  -o PrintExam PrintExam.o
Build complete (0 errors, 0 warnings): D:\Extreme_Clangague_Exam\PrintExam\build\default
Building in: D:\Extreme_Clangague_Exam\PrintExam2\build\default
make -f ..\..\Makefile
g++.exe  -o PrintExam PrintExam.o
Build complete (0 errors, 0 warnings): D:\Extreme_Clangague_Exam\PrintExam2\build\default
Building in: D:\Extreme_Clangague_Exam\ddddd\build\default
make -f ..\..\Makefile
g++.exe  -o ddddd ddddd.o
Build complete (0 errors, 0 warnings): D:\Extreme_Clangague_Exam\ddddd\build\default
Building in: D:\Extreme_Clangague_Exam\PrintExam\build\default
make -f ..\..\Makefile
g++.exe  -o PrintExam PrintExam.o
Build complete (0 errors, 0 warnings): D:\Extreme_Clangague_Exam\PrintExam\build\default
Building in: D:\Extreme_Clangague_Exam\PrintExam2\build\default
make -f ..\..\Makefile
g++.exe  -o PrintExam PrintExam.o
Build complete (0 errors, 0 warnings): D:\Extreme_Clangague_Exam\PrintExam2\build\default
Building in: D:\Extreme_Clangague_Exam\ddddd\build\default
make -f ..\..\Makefile
g++.exe  -o ddddd ddddd.o
Build complete (0 errors, 0 warnings): D:\Extreme_Clangague_Exam\ddddd\build\default
Building in: D:\Extreme_Clangague_Exam\PrintExam\build\default
make -f ..\..\Makefile
g++.exe  -o PrintExam PrintExam.o
Build complete (0 errors, 0 warnings): D:\Extreme_Clangague_Exam\PrintExam\build\default
Building in: D:\Extreme_Clangague_Exam\PrintExam2\build\default
make -f ..\..\Makefile
g++.exe  -o PrintExam PrintExam.o
Build complete (0 errors, 0 warnings): D:\Extreme_Clangague_Exam\PrintExam2\build\default
Building in: D:\Extreme_Clangague_Exam\ddddd\build\default
make -f ..\..\Makefile
g++.exe  -o ddddd ddddd.o
Build complete (0 errors, 0 warnings): D:\Extreme_Clangague_Exam\ddddd\build\default
Building in: D:\Extreme_Clangague_Exam\PrintExam\build\default
make -f ..\..\Makefile
g++.exe  -o PrintExam PrintExam.o
Build complete (0 errors, 0 warnings): D:\Extreme_Clangague_Exam\PrintExam\build\default
Building in: D:\Extreme_Clangague_Exam\PrintExam2\build\default
make -f ..\..\Makefile
g++.exe  -o PrintExam PrintExam.o
Build complete (0 errors, 0 warnings): D:\Extreme_Clangague_Exam\PrintExam2\build\default
Building in: D:\Extreme_Clangague_Exam\ddddd\build\default
make -f ..\..\Makefile
g++.exe  -o ddddd ddddd.o
Build complete (0 errors, 0 warnings): D:\Extreme_Clangague_Exam\ddddd\build\default
Building in: D:\Extreme_Clangague_Exam\PrintExam\build\default
make -f ..\..\Makefile
g++.exe  -o PrintExam PrintExam.o
Build complete (0 errors, 0 warnings): D:\Extreme_Clangague_Exam\PrintExam\build\default
Building in: D:\Extreme_Clangague_Exam\PrintExam2\build\default
make -f ..\..\Makefile
g++.exe  -o PrintExam PrintExam.o
Build complete (0 errors, 0 warnings): D:\Extreme_Clangague_Exam\PrintExam2\build\default
Building in: D:\Extreme_Clangague_Exam\ddddd\build\default
make -f ..\..\Makefile
g++.exe  -o ddddd ddddd.o
Build complete (0 errors, 0 warnings): D:\Extreme_Clangague_Exam\ddddd\build\default
Building in: D:\Extreme_Clangague_Exam\PrintExam\build\default
make -f ..\..\Makefile
g++.exe  -o PrintExam PrintExam.o
Build complete (0 errors, 0 warnings): D:\Extreme_Clangague_Exam\PrintExam\build\default
Building in: D:\Extreme_Clangague_Exam\ddddd\build\default
make -f ..\..\Makefile
g++.exe  -o ddddd ddddd.o
Build complete (0 errors, 0 warnings): D:\Extreme_Clangague_Exam\ddddd\build\default
Building in: D:\Extreme_Clangague_Exam\PrintExam\build\default
make -f ..\..\Makefile
g++.exe  -o PrintExam PrintExam.o
Build complete (0 errors, 0 warnings): D:\Extreme_Clangague_Exam\PrintExam\build\default
Building in: D:\Extreme_Clangague_Exam\PrintExam\build\default
make -f ..\..\Makefile
g++.exe  -o PrintExam PrintExam.o
Build complete (0 errors, 0 warnings): D:\Extreme_Clangague_Exam\PrintExam\build\default
Building in: D:\Extreme_Clangague_Exam\ddddd\build\default
make -f ..\..\Makefile
g++.exe  -o ddddd ddddd.o
Build complete (0 errors, 0 warnings): D:\Extreme_Clangague_Exam\ddddd\build\default
Building in: D:\Extreme_Clangague_Exam\ddddd\build\default
make -f ..\..\Makefile
g++.exe  -o ddddd ddddd.o
Build complete (0 errors, 0 warnings): D:\Extreme_Clangague_Exam\ddddd\build\default
Configuring in: D:\Extreme_Clangague_Exam\Mysql\build\default
cmake -G MinGW Makefiles -DCMAKE_EXPORT_COMPILE_COMMANDS=ON D:\Extreme_Clangague_Exam\Mysql
CMake Deprecation Warning at CMakeLists.txt:1 (cmake_minimum_required):
  Compatibility with CMake < 2.8.12 will be removed from a future version of
  CMake.

  Update the VERSION argument <min> value or use a ...<max> suffix to tell
  CMake that the project does not need compatibility with older versions.


-- The C compiler identification is GNU 12.2.0
-- The CXX compiler identification is GNU 12.2.0
-- Detecting C compiler ABI info
-- Detecting C compiler ABI info - done
-- Check for working C compiler: C:/msys64/mingw64/bin/cc.exe - skipped
-- Detecting C compile features
-- Detecting C compile features - done
-- Detecting CXX compiler ABI info
-- Detecting CXX compiler ABI info - done
-- Check for working CXX compiler: C:/msys64/mingw64/bin/c++.exe - skipped
-- Detecting CXX compile features
-- Detecting CXX compile features - done
-- Configuring done
-- Generating done
-- Build files have been written to: D:/Extreme_Clangague_Exam/Mysql/build/default
Building in: D:\Extreme_Clangague_Exam\Mysql\build\default
cmake --build . --target all
[ 50%] Building CXX object CMakeFiles/Mysql.dir/Mysql.cpp.obj
D:\Extreme_Clangague_Exam\Mysql\Mysql.cpp:2:10: fatal error: mysql/mysql.h: No such file or directory
    2 | #include <mysql/mysql.h>
      |          ^~~~~~~~~~~~~~~
compilation terminated.
mingw32-make[2]: *** [CMakeFiles\Mysql.dir\build.make:75: CMakeFiles/Mysql.dir/Mysql.cpp.obj] Error 1
mingw32-make[1]: *** [CMakeFiles\Makefile2:82: CMakeFiles/Mysql.dir/all] Error 2
mingw32-make: *** [Makefile:90: all] Error 2
Build complete (4 errors, 0 warnings): D:\Extreme_Clangague_Exam\Mysql\build\default
Configuring in: D:\Extreme_Clangague_Exam\Mysql\build\default
cmake -G MinGW Makefiles -DCMAKE_EXPORT_COMPILE_COMMANDS=ON D:\Extreme_Clangague_Exam\Mysql
CMake Deprecation Warning at CMakeLists.txt:1 (cmake_minimum_required):
  Compatibility with CMake < 2.8.12 will be removed from a future version of
  CMake.

  Update the VERSION argument <min> value or use a ...<max> suffix to tell
  CMake that the project does not need compatibility with older versions.


-- Configuring done
-- Generating done
-- Build files have been written to: D:/Extreme_Clangague_Exam/Mysql/build/default
Building in: D:\Extreme_Clangague_Exam\Mysql\build\default
cmake --build . --target all
[ 50%] Building CXX object CMakeFiles/Mysql.dir/Mysql.cpp.obj
D:\Extreme_Clangague_Exam\Mysql\Mysql.cpp:2:10: fatal error: mysql/mysql.h: No such file or directory
    2 | #include <mysql/mysql.h>
      |          ^~~~~~~~~~~~~~~
compilation terminated.
mingw32-make[2]: *** [CMakeFiles\Mysql.dir\build.make:76: CMakeFiles/Mysql.dir/Mysql.cpp.obj] Error 1
mingw32-make[1]: *** [CMakeFiles\Makefile2:82: CMakeFiles/Mysql.dir/all] Error 2
mingw32-make: *** [Makefile:90: all] Error 2
Build complete (4 errors, 0 warnings): D:\Extreme_Clangague_Exam\Mysql\build\default
Configuring in: D:\Extreme_Clangague_Exam\Mysql\build\default
cmake -G MinGW Makefiles -DCMAKE_EXPORT_COMPILE_COMMANDS=ON D:\Extreme_Clangague_Exam\Mysql
CMake Deprecation Warning at CMakeLists.txt:1 (cmake_minimum_required):
  Compatibility with CMake < 2.8.12 will be removed from a future version of
  CMake.

  Update the VERSION argument <min> value or use a ...<max> suffix to tell
  CMake that the project does not need compatibility with older versions.


-- Configuring done
-- Generating done
-- Build files have been written to: D:/Extreme_Clangague_Exam/Mysql/build/default
Building in: D:\Extreme_Clangague_Exam\Mysql\build\default
cmake --build . --target all
[ 50%] Building CXX object CMakeFiles/Mysql.dir/Mysql.cpp.obj
D:\Extreme_Clangague_Exam\Mysql\Mysql.cpp:2:10: fatal error: mysql/mysql.h: No such file or directory
    2 | #include <mysql/mysql.h>
      |          ^~~~~~~~~~~~~~~
compilation terminated.
mingw32-make[2]: *** [CMakeFiles\Mysql.dir\build.make:76: CMakeFiles/Mysql.dir/Mysql.cpp.obj] Error 1
mingw32-make[1]: *** [CMakeFiles\Makefile2:82: CMakeFiles/Mysql.dir/all] Error 2
mingw32-make: *** [Makefile:90: all] Error 2
Build complete (4 errors, 0 warnings): D:\Extreme_Clangague_Exam\Mysql\build\default
Configuring in: D:\Extreme_Clangague_Exam\Mysql\build\default
cmake -G MinGW Makefiles -DCMAKE_EXPORT_COMPILE_COMMANDS=ON D:\Extreme_Clangague_Exam\Mysql
CMake Deprecation Warning at CMakeLists.txt:1 (cmake_minimum_required):
  Compatibility with CMake < 2.8.12 will be removed from a future version of
  CMake.

  Update the VERSION argument <min> value or use a ...<max> suffix to tell
  CMake that the project does not need compatibility with older versions.


-- Configuring done
-- Generating done
-- Build files have been written to: D:/Extreme_Clangague_Exam/Mysql/build/default
Building in: D:\Extreme_Clangague_Exam\Mysql\build\default
cmake --build . --target all
[ 50%] Building CXX object CMakeFiles/Mysql.dir/Mysql.cpp.obj
D:\Extreme_Clangague_Exam\Mysql\Mysql.cpp:2:10: fatal error: mysql/mysql.h: No such file or directory
    2 | #include <mysql/mysql.h>
      |          ^~~~~~~~~~~~~~~
compilation terminated.
mingw32-make[2]: *** [CMakeFiles\Mysql.dir\build.make:76: CMakeFiles/Mysql.dir/Mysql.cpp.obj] Error 1
mingw32-make[1]: *** [CMakeFiles\Makefile2:82: CMakeFiles/Mysql.dir/all] Error 2
mingw32-make: *** [Makefile:90: all] Error 2
Build complete (4 errors, 0 warnings): D:\Extreme_Clangague_Exam\Mysql\build\default
Configuring in: D:\Extreme_Clangague_Exam\Mysql\build\default
cmake -G MinGW Makefiles -DCMAKE_EXPORT_COMPILE_COMMANDS=ON D:\Extreme_Clangague_Exam\Mysql
CMake Deprecation Warning at CMakeLists.txt:1 (cmake_minimum_required):
  Compatibility with CMake < 2.8.12 will be removed from a future version of
  CMake.

  Update the VERSION argument <min> value or use a ...<max> suffix to tell
  CMake that the project does not need compatibility with older versions.


-- Configuring done
-- Generating done
-- Build files have been written to: D:/Extreme_Clangague_Exam/Mysql/build/default
Building in: D:\Extreme_Clangague_Exam\Mysql\build\default
cmake --build . --target all
[ 50%] Building CXX object CMakeFiles/Mysql.dir/Mysql.cpp.obj
D:\Extreme_Clangague_Exam\Mysql\Mysql.cpp:2:10: fatal error: mysql/mysql.h: No such file or directory
    2 | #include <mysql/mysql.h>
      |          ^~~~~~~~~~~~~~~
compilation terminated.
mingw32-make[2]: *** [CMakeFiles\Mysql.dir\build.make:76: CMakeFiles/Mysql.dir/Mysql.cpp.obj] Error 1
mingw32-make[1]: *** [CMakeFiles\Makefile2:82: CMakeFiles/Mysql.dir/all] Error 2
mingw32-make: *** [Makefile:90: all] Error 2
Build complete (4 errors, 0 warnings): D:\Extreme_Clangague_Exam\Mysql\build\default
Configuring in: D:\Extreme_Clangague_Exam\Mysql\build\default
cmake -G MinGW Makefiles -DCMAKE_EXPORT_COMPILE_COMMANDS=ON D:\Extreme_Clangague_Exam\Mysql
CMake Deprecation Warning at CMakeLists.txt:1 (cmake_minimum_required):
  Compatibility with CMake < 2.8.12 will be removed from a future version of
  CMake.

  Update the VERSION argument <min> value or use a ...<max> suffix to tell
  CMake that the project does not need compatibility with older versions.


-- Configuring done
-- Generating done
-- Build files have been written to: D:/Extreme_Clangague_Exam/Mysql/build/default
Building in: D:\Extreme_Clangague_Exam\Mysql\build\default
cmake --build . --target all
[ 50%] Building CXX object CMakeFiles/Mysql.dir/Mysql.cpp.obj
D:\Extreme_Clangague_Exam\Mysql\Mysql.cpp:2:10: fatal error: mysql/mysql.h: No such file or directory
    2 | #include <mysql/mysql.h>
      |          ^~~~~~~~~~~~~~~
compilation terminated.
mingw32-make[2]: *** [CMakeFiles\Mysql.dir\build.make:76: CMakeFiles/Mysql.dir/Mysql.cpp.obj] Error 1
mingw32-make[1]: *** [CMakeFiles\Makefile2:82: CMakeFiles/Mysql.dir/all] Error 2
mingw32-make: *** [Makefile:90: all] Error 2
Build complete (4 errors, 0 warnings): D:\Extreme_Clangague_Exam\Mysql\build\default
Configuring in: D:\Extreme_Clangague_Exam\Mysql\build\default
cmake -G MinGW Makefiles -DCMAKE_EXPORT_COMPILE_COMMANDS=ON D:\Extreme_Clangague_Exam\Mysql
CMake Deprecation Warning at CMakeLists.txt:1 (cmake_minimum_required):
  Compatibility with CMake < 2.8.12 will be removed from a future version of
  CMake.

  Update the VERSION argument <min> value or use a ...<max> suffix to tell
  CMake that the project does not need compatibility with older versions.


-- Configuring done
-- Generating done
-- Build files have been written to: D:/Extreme_Clangague_Exam/Mysql/build/default
Building in: D:\Extreme_Clangague_Exam\Mysql\build\default
cmake --build . --target all
[ 50%] Building CXX object CMakeFiles/Mysql.dir/Mysql.cpp.obj
D:\Extreme_Clangague_Exam\Mysql\Mysql.cpp:2:10: fatal error: mysql/mysql.h: No such file or directory
    2 | #include <mysql/mysql.h>
      |          ^~~~~~~~~~~~~~~
compilation terminated.
mingw32-make[2]: *** [CMakeFiles\Mysql.dir\build.make:76: CMakeFiles/Mysql.dir/Mysql.cpp.obj] Error 1
mingw32-make[1]: *** [CMakeFiles\Makefile2:82: CMakeFiles/Mysql.dir/all] Error 2
mingw32-make: *** [Makefile:90: all] Error 2
Build complete (4 errors, 0 warnings): D:\Extreme_Clangague_Exam\Mysql\build\default
Configuring in: D:\Extreme_Clangague_Exam\Mysql\build\default
cmake -G MinGW Makefiles -DCMAKE_EXPORT_COMPILE_COMMANDS=ON D:\Extreme_Clangague_Exam\Mysql
CMake Deprecation Warning at CMakeLists.txt:1 (cmake_minimum_required):
  Compatibility with CMake < 2.8.12 will be removed from a future version of
  CMake.

  Update the VERSION argument <min> value or use a ...<max> suffix to tell
  CMake that the project does not need compatibility with older versions.


-- Configuring done
-- Generating done
-- Build files have been written to: D:/Extreme_Clangague_Exam/Mysql/build/default
Building in: D:\Extreme_Clangague_Exam\Mysql\build\default
cmake --build . --target all
[ 50%] Building CXX object CMakeFiles/Mysql.dir/Mysql.cpp.obj
D:\Extreme_Clangague_Exam\Mysql\Mysql.cpp:2:10: fatal error: mysql/mysql.h: No such file or directory
    2 | #include <mysql/mysql.h>
      |          ^~~~~~~~~~~~~~~
compilation terminated.
mingw32-make[2]: *** [CMakeFiles\Mysql.dir\build.make:76: CMakeFiles/Mysql.dir/Mysql.cpp.obj] Error 1
mingw32-make[1]: *** [CMakeFiles\Makefile2:82: CMakeFiles/Mysql.dir/all] Error 2
mingw32-make: *** [Makefile:90: all] Error 2
Build complete (4 errors, 0 warnings): D:\Extreme_Clangague_Exam\Mysql\build\default
Configuring in: D:\Extreme_Clangague_Exam\Mysql\build\default
cmake -G MinGW Makefiles -DCMAKE_EXPORT_COMPILE_COMMANDS=ON D:\Extreme_Clangague_Exam\Mysql
CMake Deprecation Warning at CMakeLists.txt:1 (cmake_minimum_required):
  Compatibility with CMake < 2.8.12 will be removed from a future version of
  CMake.

  Update the VERSION argument <min> value or use a ...<max> suffix to tell
  CMake that the project does not need compatibility with older versions.


-- Configuring done
-- Generating done
-- Build files have been written to: D:/Extreme_Clangague_Exam/Mysql/build/default
Building in: D:\Extreme_Clangague_Exam\Mysql\build\default
cmake --build . --target all
[ 50%] Building CXX object CMakeFiles/Mysql.dir/Mysql.cpp.obj
D:\Extreme_Clangague_Exam\Mysql\Mysql.cpp:2:10: fatal error: mysql/mysql.h: No such file or directory
    2 | #include <mysql/mysql.h>
      |          ^~~~~~~~~~~~~~~
compilation terminated.
mingw32-make[2]: *** [CMakeFiles\Mysql.dir\build.make:76: CMakeFiles/Mysql.dir/Mysql.cpp.obj] Error 1
mingw32-make[1]: *** [CMakeFiles\Makefile2:82: CMakeFiles/Mysql.dir/all] Error 2
mingw32-make: *** [Makefile:90: all] Error 2
Build complete (4 errors, 0 warnings): D:\Extreme_Clangague_Exam\Mysql\build\default
Configuring in: D:\Extreme_Clangague_Exam\Mysql\build\default
cmake -G MinGW Makefiles -DCMAKE_EXPORT_COMPILE_COMMANDS=ON D:\Extreme_Clangague_Exam\Mysql
CMake Deprecation Warning at CMakeLists.txt:1 (cmake_minimum_required):
  Compatibility with CMake < 2.8.12 will be removed from a future version of
  CMake.

  Update the VERSION argument <min> value or use a ...<max> suffix to tell
  CMake that the project does not need compatibility with older versions.


-- Configuring done
CMake Error at CMakeLists.txt:5 (add_executable):
  Cannot find source file:

    -lmysqlclient

  Tried extensions .c .C .c++ .cc .cpp .cxx .cu .mpp .m .M .mm .ixx .cppm .h
  .hh .h++ .hm .hpp .hxx .in .txx .f .F .for .f77 .f90 .f95 .f03 .hip .ispc


CMake Error at CMakeLists.txt:5 (add_executable):
  No SOURCES given to target: Mysql


CMake Generate step failed.  Build files cannot be regenerated correctly.
Configuring in: D:\Extreme_Clangague_Exam\Mysql\build\default
cmake -G MinGW Makefiles -DCMAKE_EXPORT_COMPILE_COMMANDS=ON D:\Extreme_Clangague_Exam\Mysql
CMake Deprecation Warning at CMakeLists.txt:1 (cmake_minimum_required):
  Compatibility with CMake < 2.8.12 will be removed from a future version of
  CMake.

  Update the VERSION argument <min> value or use a ...<max> suffix to tell
  CMake that the project does not need compatibility with older versions.


CMake Error at CMakeLists.txt:13 (add_excutable):
-- Configuring incomplete, errors occurred!
See also "D:/Extreme_Clangague_Exam/Mysql/build/default/CMakeFiles/CMakeOutput.log".
  Unknown CMake command "add_excutable".


Configuring in: D:\Extreme_Clangague_Exam\Mysql\build\default
cmake -G MinGW Makefiles -DCMAKE_EXPORT_COMPILE_COMMANDS=ON D:\Extreme_Clangague_Exam\Mysql
CMake Deprecation Warning at CMakeLists.txt:1 (cmake_minimum_required):
  Compatibility with CMake < 2.8.12 will be removed from a future version of
  CMake.

  Update the VERSION argument <min> value or use a ...<max> suffix to tell
  CMake that the project does not need compatibility with older versions.


CMake Error at CMakeLists.txt:13 (add_excutable):
-- Configuring incomplete, errors occurred!
See also "D:/Extreme_Clangague_Exam/Mysql/build/default/CMakeFiles/CMakeOutput.log".
  Unknown CMake command "add_excutable".


Configuring in: D:\Extreme_Clangague_Exam\Mysql\build\default
cmake -G MinGW Makefiles -DCMAKE_EXPORT_COMPILE_COMMANDS=ON D:\Extreme_Clangague_Exam\Mysql
CMake Deprecation Warning at CMakeLists.txt:1 (cmake_minimum_required):
  Compatibility with CMake < 2.8.12 will be removed from a future version of
  CMake.

  Update the VERSION argument <min> value or use a ...<max> suffix to tell
  CMake that the project does not need compatibility with older versions.


CMake Error at CMakeLists.txt:14 (add_executable):
-- Configuring incomplete, errors occurred!
See also "D:/Extreme_Clangague_Exam/Mysql/build/default/CMakeFiles/CMakeOutput.log".
  add_executable cannot create target "Mysql" because another target with the
  same name already exists.  The existing target is an executable created in
  source directory "D:/Extreme_Clangague_Exam/Mysql".  See documentation for
  policy CMP0002 for more details.


Configuring in: D:\Extreme_Clangague_Exam\Mysql\build\default
cmake -G MinGW Makefiles -DCMAKE_EXPORT_COMPILE_COMMANDS=ON D:\Extreme_Clangague_Exam\Mysql
CMake Deprecation Warning at CMakeLists.txt:1 (cmake_minimum_required):
  Compatibility with CMake < 2.8.12 will be removed from a future version of
  CMake.

  Update the VERSION argument <min> value or use a ...<max> suffix to tell
  CMake that the project does not need compatibility with older versions.


-- Configuring done
-- Generating done
-- Build files have been written to: D:/Extreme_Clangague_Exam/Mysql/build/default
Building in: D:\Extreme_Clangague_Exam\Mysql\build\default
cmake --build . --target all
[ 50%] Building CXX object CMakeFiles/Mysql.dir/Mysql.cpp.obj
D:\Extreme_Clangague_Exam\Mysql\Mysql.cpp:2:10: fatal error: mysql/mysql.h: No such file or directory
    2 | #include <mysql/mysql.h>
      |          ^~~~~~~~~~~~~~~
compilation terminated.
mingw32-make[2]: *** [CMakeFiles\Mysql.dir\build.make:76: CMakeFiles/Mysql.dir/Mysql.cpp.obj] Error 1
mingw32-make[1]: *** [CMakeFiles\Makefile2:82: CMakeFiles/Mysql.dir/all] Error 2
mingw32-make: *** [Makefile:90: all] Error 2
Build complete (4 errors, 0 warnings): D:\Extreme_Clangague_Exam\Mysql\build\default
Configuring in: D:\Extreme_Clangague_Exam\Mysql\build\default
cmake -G MinGW Makefiles -DCMAKE_EXPORT_COMPILE_COMMANDS=ON D:\Extreme_Clangague_Exam\Mysql
CMake Deprecation Warning at CMakeLists.txt:1 (cmake_minimum_required):
  Compatibility with CMake < 2.8.12 will be removed from a future version of
  CMake.

  Update the VERSION argument <min> value or use a ...<max> suffix to tell
  CMake that the project does not need compatibility with older versions.


-- Configuring done
-- Generating done
-- Build files have been written to: D:/Extreme_Clangague_Exam/Mysql/build/default
Building in: D:\Extreme_Clangague_Exam\Mysql\build\default
cmake --build . --target all
[ 50%] Building CXX object CMakeFiles/Mysql.dir/Mysql.cpp.obj
D:\Extreme_Clangague_Exam\Mysql\Mysql.cpp:2:10: fatal error: mysql/mysql.h: No such file or directory
    2 | #include <mysql/mysql.h>
      |          ^~~~~~~~~~~~~~~
compilation terminated.
mingw32-make[2]: *** [CMakeFiles\Mysql.dir\build.make:76: CMakeFiles/Mysql.dir/Mysql.cpp.obj] Error 1
mingw32-make[1]: *** [CMakeFiles\Makefile2:82: CMakeFiles/Mysql.dir/all] Error 2
mingw32-make: *** [Makefile:90: all] Error 2
Build complete (4 errors, 0 warnings): D:\Extreme_Clangague_Exam\Mysql\build\default
Configuring in: D:\Extreme_Clangague_Exam\Mysql\build\default
cmake -G MinGW Makefiles -DCMAKE_EXPORT_COMPILE_COMMANDS=ON D:\Extreme_Clangague_Exam\Mysql
CMake Deprecation Warning at CMakeLists.txt:1 (cmake_minimum_required):
  Compatibility with CMake < 2.8.12 will be removed from a future version of
  CMake.

  Update the VERSION argument <min> value or use a ...<max> suffix to tell
  CMake that the project does not need compatibility with older versions.


-- Configuring done
-- Generating done
-- Build files have been written to: D:/Extreme_Clangague_Exam/Mysql/build/default
Building in: D:\Extreme_Clangague_Exam\Mysql\build\default
cmake --build . --target all
[ 50%] Building CXX object CMakeFiles/Mysql.dir/Mysql.cpp.obj
D:\Extreme_Clangague_Exam\Mysql\Mysql.cpp:2:10: fatal error: mysql/mysql.h: No such file or directory
    2 | #include <mysql/mysql.h>
      |          ^~~~~~~~~~~~~~~
compilation terminated.
mingw32-make[2]: *** [CMakeFiles\Mysql.dir\build.make:76: CMakeFiles/Mysql.dir/Mysql.cpp.obj] Error 1
mingw32-make[1]: *** [CMakeFiles\Makefile2:82: CMakeFiles/Mysql.dir/all] Error 2
mingw32-make: *** [Makefile:90: all] Error 2
Build complete (4 errors, 0 warnings): D:\Extreme_Clangague_Exam\Mysql\build\default
